[22/08/2021 13:04:07.981] -> 020A|0000
[22/08/2021 13:04:08.039] <- 0000|C080|0000|Jano|54|1|2|0|39|TM-T900F|8388480|2953367552|524288|N|x'00'
                             	02 90 1B 02 0A 1C 00 00 03 30 30 64 38 
                             	02 90 00 00 1C C0 80 1C 1C 00 00 1C 1C 4A 61 6E 6F 1C 35 34 1C 31 1C 32 1C 30 1C 33 39 1C 54 4D 2D 54 39 30 30 46 1C 38 33 38 38 34 38 30 1C 32 39 35 33 33 36 37 35 35 32 1C 35 32 34 32 38 38 1C 4E 1C 00 03 30 44 39 37 

[22/08/2021 13:04:10.306] -> 0502|0000
[22/08/2021 13:04:10.440] <- 0000|C080|0000|220821|130906
                             	02 91 05 1B 02 1C 00 00 03 30 30 64 34 
                             	02 91 00 00 1C C0 80 1C 1C 00 00 1C 1C 32 32 30 38 32 31 1C 31 33 30 39 30 36 03 30 34 45 30 

[22/08/2021 13:04:10.441] -> 0802|0C01
[22/08/2021 13:04:12.860] <- 0000|C080|0000|16
                             	02 92 08 1B 02 1C 0C 01 03 30 30 65 35 
                             	02 92 00 00 1C C0 80 1C 1C 00 00 1C 1C 31 36 03 30 32 43 41 

[22/08/2021 13:04:15.172] -> 0502|0000
[22/08/2021 13:04:15.300] <- 0000|C080|0000|220821|130911
                             	02 93 05 1B 02 1C 00 00 03 30 30 64 36 
                             	02 93 00 00 1C C0 80 1C 1C 00 00 1C 1C 32 32 30 38 32 31 1C 31 33 30 39 31 31 03 30 34 44 45 

[22/08/2021 13:04:15.301] -> 0802|0C01
[22/08/2021 13:04:17.160] <- 0000|C080|0000|17
                             	02 94 08 1B 02 1C 0C 01 03 30 30 65 37 
                             	02 94 00 00 1C C0 80 1C 1C 00 00 1C 1C 31 37 03 30 32 43 44 

