[06/11/2020 18:17:14.530] -> 020A|0000
[06/11/2020 18:17:14.561] <- 0000|A000|0000|Vesta|54|1|1|0|39|TM-T900F|8388480|201330031|524288|N|x'00'
                             	02 C8 1B 02 0A 1C 00 00 03 30 31 31 30 
                             	02 C8 00 00 1C A0 00 1C 1C 00 00 1C 1C 56 65 73 74 61 1C 35 34 1C 31 1C 31 1C 30 1C 33 39 1C 54 4D 2D 54 39 30 30 46 1C 38 33 38 38 34 38 30 1C 32 30 31 33 33 30 30 33 31 1C 35 32 34 32 38 38 1C 4E 1C 00 03 30 44 35 37 

[06/11/2020 18:17:15.591] -> 0502|0000
[06/11/2020 18:17:15.747] <- 0000|A000|0000|061120|183046
                             	02 C9 05 1B 02 1C 00 00 03 30 31 30 63 
                             	02 C9 00 00 1C A0 00 1C 1C 00 00 1C 1C 30 36 31 31 32 30 1C 31 38 33 30 34 36 03 30 34 37 36 

[06/11/2020 18:17:15.747] -> 0802|0C01
[06/11/2020 18:17:17.151] <- 0000|A080|0000|20
                             	02 CA 08 1B 02 1C 0C 01 03 30 31 31 64 
                             	02 CA 00 00 1C A0 80 1C 1C 00 00 1C 1C 32 30 03 30 32 44 44 

[06/11/2020 18:17:24.441] -> 0502|0000
[06/11/2020 18:17:24.566] <- 0000|A080|0000|061120|183055
                             	02 CB 05 1B 02 1C 00 00 03 30 31 30 65 
                             	02 CB 00 00 1C A0 80 1C 1C 00 00 1C 1C 30 36 31 31 32 30 1C 31 38 33 30 35 35 03 30 34 46 38 

[06/11/2020 18:17:24.597] -> 0802|0C01
[06/11/2020 18:17:25.907] <- 0000|A080|0000|21
                             	02 CC 08 1B 02 1C 0C 01 03 30 31 31 66 
                             	02 CC 00 00 1C A0 80 1C 1C 00 00 1C 1C 32 31 03 30 32 45 30 

[06/11/2020 21:24:23.287] -> 020A|0000
[06/11/2020 21:24:23.319] <- 0000|A080|0000|Vesta|54|1|1|0|39|TM-T900F|8388480|201330031|524288|N|x'00'
                             	02 9C 1B 02 0A 1C 00 00 03 30 30 65 34 
                             	02 9C 00 00 1C A0 80 1C 1C 00 00 1C 1C 56 65 73 74 61 1C 35 34 1C 31 1C 31 1C 30 1C 33 39 1C 54 4D 2D 54 39 30 30 46 1C 38 33 38 38 34 38 30 1C 32 30 31 33 33 30 30 33 31 1C 35 32 34 32 38 38 1C 4E 1C 00 03 30 44 41 42 

[06/11/2020 21:24:25.185] -> 0502|0000
[06/11/2020 21:24:25.310] <- 0000|A080|0000|061120|213756
                             	02 9D 05 1B 02 1C 00 00 03 30 30 65 30 
                             	02 9D 00 00 1C A0 80 1C 1C 00 00 1C 1C 30 36 31 31 32 30 1C 32 31 33 37 35 36 03 30 34 43 43 

[06/11/2020 21:24:25.310] -> 0802|0C01
[06/11/2020 21:24:27.073] <- 0000|A080|0000|22
                             	02 9E 08 1B 02 1C 0C 01 03 30 30 66 31 
                             	02 9E 00 00 1C A0 80 1C 1C 00 00 1C 1C 32 32 03 30 32 42 33 

[06/11/2020 21:24:28.499] -> 0502|0000
[06/11/2020 21:24:28.625] <- 0000|A080|0000|061120|213759
                             	02 9F 05 1B 02 1C 00 00 03 30 30 65 32 
                             	02 9F 00 00 1C A0 80 1C 1C 00 00 1C 1C 30 36 31 31 32 30 1C 32 31 33 37 35 39 03 30 34 44 31 

[06/11/2020 21:24:28.625] -> 0802|0C01
[06/11/2020 21:24:29.968] <- 0000|A080|0000|23
                             	02 A0 08 1B 02 1C 0C 01 03 30 30 66 33 
                             	02 A0 00 00 1C A0 80 1C 1C 00 00 1C 1C 32 33 03 30 32 42 36 

[09/11/2020 10:12:59.698] -> 020A|0000
[09/11/2020 10:12:59.744] <- 0000|A080|0000|Vesta|54|1|1|0|39|TM-T900F|8388480|201330031|524288|N|x'00'
                             	02 91 1B 02 0A 1C 00 00 03 30 30 64 39 
                             	02 91 00 00 1C A0 80 1C 1C 00 00 1C 1C 56 65 73 74 61 1C 35 34 1C 31 1C 31 1C 30 1C 33 39 1C 54 4D 2D 54 39 30 30 46 1C 38 33 38 38 34 38 30 1C 32 30 31 33 33 30 30 33 31 1C 35 32 34 32 38 38 1C 4E 1C 00 03 30 44 41 30 

[09/11/2020 10:13:00.524] -> 0502|0000
[09/11/2020 10:13:00.680] <- 0000|A080|0000|091120|102639
                             	02 92 05 1B 02 1C 00 00 03 30 30 64 35 
                             	02 92 00 00 1C A0 80 1C 1C 00 00 1C 1C 30 39 31 31 32 30 1C 31 30 32 36 33 39 03 30 34 43 31 

[09/11/2020 10:13:00.680] -> 0802|0C01
[09/11/2020 10:13:02.381] <- 0000|A080|0000|24
                             	02 93 08 1B 02 1C 0C 01 03 30 30 65 36 
                             	02 93 00 00 1C A0 80 1C 1C 00 00 1C 1C 32 34 03 30 32 41 41 

[09/11/2020 10:13:04.612] -> 0502|0000
[09/11/2020 10:13:04.762] <- 0000|A080|0000|091120|102643
                             	02 94 05 1B 02 1C 00 00 03 30 30 64 37 
                             	02 94 00 00 1C A0 80 1C 1C 00 00 1C 1C 30 39 31 31 32 30 1C 31 30 32 36 34 33 03 30 34 42 45 

[09/11/2020 10:13:04.762] -> 0802|0C01
[09/11/2020 10:13:06.104] <- 0000|A080|0000|25
                             	02 95 08 1B 02 1C 0C 01 03 30 30 65 38 
                             	02 95 00 00 1C A0 80 1C 1C 00 00 1C 1C 32 35 03 30 32 41 44 

[09/11/2020 22:19:16.007] -> 020A|0000
[09/11/2020 22:19:16.038] <- 0000|A080|0000|Vesta|54|1|1|0|39|TM-T900F|8388480|201330031|524288|N|x'00'
                             	02 B0 1B 02 0A 1C 00 00 03 30 30 66 38 
                             	02 B0 00 00 1C A0 80 1C 1C 00 00 1C 1C 56 65 73 74 61 1C 35 34 1C 31 1C 31 1C 30 1C 33 39 1C 54 4D 2D 54 39 30 30 46 1C 38 33 38 38 34 38 30 1C 32 30 31 33 33 30 30 33 31 1C 35 32 34 32 38 38 1C 4E 1C 00 03 30 44 42 46 

[09/11/2020 22:19:18.222] -> 0502|0000
[09/11/2020 22:19:18.363] <- 0000|A080|0000|091120|223256
                             	02 B1 05 1B 02 1C 00 00 03 30 30 66 34 
                             	02 B1 00 00 1C A0 80 1C 1C 00 00 1C 1C 30 39 31 31 32 30 1C 32 32 33 32 35 36 03 30 34 44 46 

[09/11/2020 22:19:18.363] -> 0802|0C01
[09/11/2020 22:19:19.720] <- 0000|A080|0000|26
                             	02 B2 08 1B 02 1C 0C 01 03 30 31 30 35 
                             	02 B2 00 00 1C A0 80 1C 1C 00 00 1C 1C 32 36 03 30 32 43 42 

[09/11/2020 22:19:21.249] -> 0502|0000
[09/11/2020 22:19:21.373] <- 0000|A080|0000|091120|223259
                             	02 B3 05 1B 02 1C 00 00 03 30 30 66 36 
                             	02 B3 00 00 1C A0 80 1C 1C 00 00 1C 1C 30 39 31 31 32 30 1C 32 32 33 32 35 39 03 30 34 45 34 

[09/11/2020 22:19:21.373] -> 0802|0C01
[09/11/2020 22:19:22.715] <- 0000|A080|0000|27
                             	02 B4 08 1B 02 1C 0C 01 03 30 31 30 37 
                             	02 B4 00 00 1C A0 80 1C 1C 00 00 1C 1C 32 37 03 30 32 43 45 

[12/11/2020 22:27:52.994] -> 020A|0000
[12/11/2020 22:27:53.041] <- 0000|8080|0001|Jano|54|1|2|0|39|TM-T900F|8388480|2953367552|524288|N|x'00'
                             	02 EB 1B 02 0A 1C 00 00 03 30 31 33 33 
                             	02 EB 00 01 1C 80 80 1C 1C 00 00 1C 1C 4A 61 6E 6F 1C 35 34 1C 31 1C 32 1C 30 1C 33 39 1C 54 4D 2D 54 39 30 30 46 1C 38 33 38 38 34 38 30 1C 32 39 35 33 33 36 37 35 35 32 1C 35 32 34 32 38 38 1C 4E 1C 00 03 30 44 42 33 

[12/11/2020 22:27:54.039] -> 0502|0000
[12/11/2020 22:27:54.164] <- 0000|8080|0001|121120|223621
                             	02 EC 05 1B 02 1C 00 00 03 30 31 32 66 
                             	02 EC 00 01 1C 80 80 1C 1C 00 00 1C 1C 31 32 31 31 32 30 1C 32 32 33 36 32 31 03 30 34 46 31 

[12/11/2020 22:27:54.164] -> 0802|0C01
[12/11/2020 22:27:56.208] <- 0000|8080|0001|1
                             	02 ED 08 1B 02 1C 0C 01 03 30 31 34 30 
                             	02 ED 00 01 1C 80 80 1C 1C 00 00 1C 1C 31 03 30 32 42 30 

[12/11/2020 22:28:12.155] -> 0502|0000
[12/11/2020 22:28:12.295] <- 0000|8080|0001|121120|223639
                             	02 EE 05 1B 02 1C 00 00 03 30 31 33 31 
                             	02 EE 00 01 1C 80 80 1C 1C 00 00 1C 1C 31 32 31 31 32 30 1C 32 32 33 36 33 39 03 30 34 46 43 

[12/11/2020 22:28:12.295] -> 0802|0C01
[12/11/2020 22:28:13.715] <- 0000|8080|0001|2
                             	02 EF 08 1B 02 1C 0C 01 03 30 31 34 32 
                             	02 EF 00 01 1C 80 80 1C 1C 00 00 1C 1C 32 03 30 32 42 33 

[13/11/2020 17:13:46.402] -> 020A|0000
[13/11/2020 17:13:46.464] <- 0000|8080|0001|Jano|54|1|2|0|39|TM-T900F|8388480|2953367552|524288|N|x'00'
                             	02 90 1B 02 0A 1C 00 00 03 30 30 64 38 
                             	02 90 00 01 1C 80 80 1C 1C 00 00 1C 1C 4A 61 6E 6F 1C 35 34 1C 31 1C 32 1C 30 1C 33 39 1C 54 4D 2D 54 39 30 30 46 1C 38 33 38 38 34 38 30 1C 32 39 35 33 33 36 37 35 35 32 1C 35 32 34 32 38 38 1C 4E 1C 00 03 30 44 35 38 

[13/11/2020 17:13:47.696] -> 0502|0000
[13/11/2020 17:13:47.821] <- 0000|8080|0001|131120|172216
                             	02 91 05 1B 02 1C 00 00 03 30 30 64 34 
                             	02 91 00 01 1C 80 80 1C 1C 00 00 1C 1C 31 33 31 31 32 30 1C 31 37 32 32 31 36 03 30 34 39 41 

[13/11/2020 17:13:47.821] -> 0802|0C01
[13/11/2020 17:13:49.615] <- 0000|8080|0001|5
                             	02 92 08 1B 02 1C 0C 01 03 30 30 65 35 
                             	02 92 00 01 1C 80 80 1C 1C 00 00 1C 1C 35 03 30 32 35 39 

[13/11/2020 17:13:50.816] -> 0502|0000
[13/11/2020 17:13:50.972] <- 0000|8080|0001|131120|172219
                             	02 93 05 1B 02 1C 00 00 03 30 30 64 36 
                             	02 93 00 01 1C 80 80 1C 1C 00 00 1C 1C 31 33 31 31 32 30 1C 31 37 32 32 31 39 03 30 34 39 46 

[13/11/2020 17:13:50.988] -> 0802|0C01
[13/11/2020 17:13:52.408] <- 0000|8080|0001|6
                             	02 94 08 1B 02 1C 0C 01 03 30 30 65 37 
                             	02 94 00 01 1C 80 80 1C 1C 00 00 1C 1C 36 03 30 32 35 43 

[13/11/2020 17:17:24.189] -> 020A|0000
[13/11/2020 17:17:24.252] <- 0000|8080|0001|Jano|54|1|2|0|39|TM-T900F|8388480|2953367552|524288|N|x'00'
                             	02 AF 1B 02 0A 1C 00 00 03 30 30 66 37 
                             	02 AF 00 01 1C 80 80 1C 1C 00 00 1C 1C 4A 61 6E 6F 1C 35 34 1C 31 1C 32 1C 30 1C 33 39 1C 54 4D 2D 54 39 30 30 46 1C 38 33 38 38 34 38 30 1C 32 39 35 33 33 36 37 35 35 32 1C 35 32 34 32 38 38 1C 4E 1C 00 03 30 44 37 37 

[13/11/2020 17:17:25.079] -> 0502|0000
[13/11/2020 17:17:25.203] <- 0000|8080|0001|131120|172553
                             	02 B0 05 1B 02 1C 00 00 03 30 30 66 33 
                             	02 B0 00 01 1C 80 80 1C 1C 00 00 1C 1C 31 33 31 31 32 30 1C 31 37 32 35 35 33 03 30 34 42 44 

[13/11/2020 17:17:25.203] -> 0801|0000
[13/11/2020 17:17:26.779] <- 0000|8000|0001|2
                             	02 B1 08 01 1C 00 00 03 30 30 64 62 
                             	02 B1 00 01 1C 80 00 1C 1C 00 00 1C 1C 32 03 30 31 46 35 

[14/11/2020 10:24:53.914] -> 020A|0000
[14/11/2020 10:24:53.961] <- 0000|8080|0001|Jano|54|1|2|0|39|TM-T900F|8388480|2953367552|524288|N|x'00'
                             	02 85 1B 02 0A 1C 00 00 03 30 30 63 64 
                             	02 85 00 01 1C 80 80 1C 1C 00 00 1C 1C 4A 61 6E 6F 1C 35 34 1C 31 1C 32 1C 30 1C 33 39 1C 54 4D 2D 54 39 30 30 46 1C 38 33 38 38 34 38 30 1C 32 39 35 33 33 36 37 35 35 32 1C 35 32 34 32 38 38 1C 4E 1C 00 03 30 44 34 44 

[14/11/2020 10:25:06.087] -> 0502|0000
[14/11/2020 10:25:06.243] <- 0000|8080|0001|141120|103337
                             	02 86 05 1B 02 1C 00 00 03 30 30 63 39 
                             	02 86 00 01 1C 80 80 1C 1C 00 00 1C 1C 31 34 31 31 32 30 1C 31 30 33 33 33 37 03 30 34 38 45 

[14/11/2020 10:25:06.243] -> 0801|0000
[14/11/2020 10:25:07.688] <- 0000|8000|0001|3
                             	02 87 08 01 1C 00 00 03 30 30 62 31 
                             	02 87 00 01 1C 80 00 1C 1C 00 00 1C 1C 33 03 30 31 43 43 

[15/11/2020 08:28:37.144] -> 020A|0000
[15/11/2020 08:28:37.202] <- 0000|8080|0001|Jano|54|1|2|0|39|TM-T900F|8388480|2953367552|524288|N|x'00'
                             	02 88 1B 02 0A 1C 00 00 03 30 30 64 30 
                             	02 88 00 01 1C 80 80 1C 1C 00 00 1C 1C 4A 61 6E 6F 1C 35 34 1C 31 1C 32 1C 30 1C 33 39 1C 54 4D 2D 54 39 30 30 46 1C 38 33 38 38 34 38 30 1C 32 39 35 33 33 36 37 35 35 32 1C 35 32 34 32 38 38 1C 4E 1C 00 03 30 44 35 30 

[15/11/2020 08:28:39.431] -> 0502|0000
[15/11/2020 08:28:39.563] <- 0000|8080|0001|151120|083713
                             	02 89 05 1B 02 1C 00 00 03 30 30 63 63 
                             	02 89 00 01 1C 80 80 1C 1C 00 00 1C 1C 31 35 31 31 32 30 1C 30 38 33 37 31 33 03 30 34 39 37 

[15/11/2020 08:28:39.564] -> 0802|0C01
[15/11/2020 08:28:41.322] <- 0000|8080|0001|9
                             	02 8A 08 1B 02 1C 0C 01 03 30 30 64 64 
                             	02 8A 00 01 1C 80 80 1C 1C 00 00 1C 1C 39 03 30 32 35 35 

[15/11/2020 08:28:42.877] -> 0502|0000
[15/11/2020 08:28:43.003] <- 0000|8080|0001|151120|083716
                             	02 8B 05 1B 02 1C 00 00 03 30 30 63 65 
                             	02 8B 00 01 1C 80 80 1C 1C 00 00 1C 1C 31 35 31 31 32 30 1C 30 38 33 37 31 36 03 30 34 39 43 

[15/11/2020 08:28:43.004] -> 0802|0C01
[15/11/2020 08:28:44.422] <- 0000|8080|0001|10
                             	02 8C 08 1B 02 1C 0C 01 03 30 30 64 66 
                             	02 8C 00 01 1C 80 80 1C 1C 00 00 1C 1C 31 30 03 30 32 37 46 

[15/11/2020 08:28:49.604] -> 020A|0000
[15/11/2020 08:28:49.662] <- 0000|8080|0001|Jano|54|1|2|0|39|TM-T900F|8388480|2953367552|524288|N|x'00'
                             	02 A9 1B 02 0A 1C 00 00 03 30 30 66 31 
                             	02 A9 00 01 1C 80 80 1C 1C 00 00 1C 1C 4A 61 6E 6F 1C 35 34 1C 31 1C 32 1C 30 1C 33 39 1C 54 4D 2D 54 39 30 30 46 1C 38 33 38 38 34 38 30 1C 32 39 35 33 33 36 37 35 35 32 1C 35 32 34 32 38 38 1C 4E 1C 00 03 30 44 37 31 

[15/11/2020 08:28:50.406] -> 0502|0000
[15/11/2020 08:28:50.542] <- 0000|8080|0001|151120|083724
                             	02 AA 05 1B 02 1C 00 00 03 30 30 65 64 
                             	02 AA 00 01 1C 80 80 1C 1C 00 00 1C 1C 31 35 31 31 32 30 1C 30 38 33 37 32 34 03 30 34 42 41 

[15/11/2020 08:28:50.543] -> 0801|0000
[15/11/2020 08:28:52.082] <- 0000|8000|0001|5
                             	02 AB 08 01 1C 00 00 03 30 30 64 35 
                             	02 AB 00 01 1C 80 00 1C 1C 00 00 1C 1C 35 03 30 31 46 32 

[16/11/2020 08:21:36.737] -> 020A|0000
[16/11/2020 08:21:36.784] <- 0000|8080|0000|Jano|54|1|2|0|39|TM-T900F|8388480|2953367552|524288|N|x'00'
                             	02 AA 1B 02 0A 1C 00 00 03 30 30 66 32 
                             	02 AA 00 00 1C 80 80 1C 1C 00 00 1C 1C 4A 61 6E 6F 1C 35 34 1C 31 1C 32 1C 30 1C 33 39 1C 54 4D 2D 54 39 30 30 46 1C 38 33 38 38 34 38 30 1C 32 39 35 33 33 36 37 35 35 32 1C 35 32 34 32 38 38 1C 4E 1C 00 03 30 44 37 31 

[16/11/2020 08:21:39.811] -> 0502|0000
[16/11/2020 08:21:39.951] <- 0000|8080|0000|161120|083015
                             	02 AB 05 1B 02 1C 00 00 03 30 30 65 65 
                             	02 AB 00 00 1C 80 80 1C 1C 00 00 1C 1C 31 36 31 31 32 30 1C 30 38 33 30 31 35 03 30 34 42 34 

[16/11/2020 08:21:39.951] -> 0801|0000
[16/11/2020 08:21:41.744] <- 0000|8000|0000|6
                             	02 AC 08 01 1C 00 00 03 30 30 64 36 
                             	02 AC 00 00 1C 80 00 1C 1C 00 00 1C 1C 36 03 30 31 46 33 

[16/11/2020 08:24:58.535] -> 020A|0000
[16/11/2020 08:24:58.597] <- 0000|8000|0000|Jano|54|1|2|0|39|TM-T900F|8388480|2953367552|524288|N|x'00'
                             	02 BB 1B 02 0A 1C 00 00 03 30 31 30 33 
                             	02 BB 00 00 1C 80 00 1C 1C 00 00 1C 1C 4A 61 6E 6F 1C 35 34 1C 31 1C 32 1C 30 1C 33 39 1C 54 4D 2D 54 39 30 30 46 1C 38 33 38 38 34 38 30 1C 32 39 35 33 33 36 37 35 35 32 1C 35 32 34 32 38 38 1C 4E 1C 00 03 30 44 30 32 

[16/11/2020 08:24:59.393] -> 0502|0000
[16/11/2020 08:24:59.518] <- 0000|8000|0000|161120|083335
                             	02 BC 05 1B 02 1C 00 00 03 30 30 66 66 
                             	02 BC 00 00 1C 80 00 1C 1C 00 00 1C 1C 31 36 31 31 32 30 1C 30 38 33 33 33 35 03 30 34 34 41 

[16/11/2020 08:24:59.518] -> 0802|0C01
[16/11/2020 08:25:01.150] <- 0000|8080|0000|11
                             	02 BD 08 1B 02 1C 0C 01 03 30 31 31 30 
                             	02 BD 00 00 1C 80 80 1C 1C 00 00 1C 1C 31 31 03 30 32 42 30 

[16/11/2020 08:25:02.398] -> 0502|0000
[16/11/2020 08:25:02.523] <- 0000|8080|0000|161120|083338
                             	02 BE 05 1B 02 1C 00 00 03 30 31 30 31 
                             	02 BE 00 00 1C 80 80 1C 1C 00 00 1C 1C 31 36 31 31 32 30 1C 30 38 33 33 33 38 03 30 34 43 46 

[16/11/2020 08:25:02.523] -> 0802|0C01
[16/11/2020 08:25:03.943] <- 0000|8080|0000|12
                             	02 BF 08 1B 02 1C 0C 01 03 30 31 31 32 
                             	02 BF 00 00 1C 80 80 1C 1C 00 00 1C 1C 31 32 03 30 32 42 33 

